<?xml version="1.0" encoding="UTF-8" ?>
<testsuite tests="50" failures="0" name="Test.LoginTest" time="5.749" errors="0" skipped="41">
  <properties>
    <property name="java.runtime.name" value="Java(TM) SE Runtime Environment"/>
    <property name="java.vm.version" value="11.0.14+8-LTS-263"/>
    <property name="sun.boot.library.path" value="C:\Program Files\Java\jdk-11.0.14\bin"/>
    <property name="maven.multiModuleProjectDirectory" value="E:\GitHub\Hotel-Management"/>
    <property name="java.vm.vendor" value="Oracle Corporation"/>
    <property name="java.vendor.url" value="https://openjdk.java.net/"/>
    <property name="guice.disable.misplaced.annotation.check" value="true"/>
    <property name="path.separator" value=";"/>
    <property name="java.vm.name" value="Java HotSpot(TM) 64-Bit Server VM"/>
    <property name="sun.os.patch.level" value=""/>
    <property name="user.script" value=""/>
    <property name="user.country" value="US"/>
    <property name="sun.java.launcher" value="SUN_STANDARD"/>
    <property name="test" value="Test.LoginTest"/>
    <property name="java.vm.specification.name" value="Java Virtual Machine Specification"/>
    <property name="user.dir" value="E:\GitHub\Hotel-Management"/>
    <property name="java.vm.compressedOopsMode" value="32-bit"/>
    <property name="java.runtime.version" value="11.0.14+8-LTS-263"/>
    <property name="java.awt.graphicsenv" value="sun.awt.Win32GraphicsEnvironment"/>
    <property name="os.arch" value="amd64"/>
    <property name="java.io.tmpdir" value="C:\Users\Admin\AppData\Local\Temp\"/>
    <property name="line.separator" value="
"/>
    <property name="java.vm.specification.vendor" value="Oracle Corporation"/>
    <property name="user.variant" value=""/>
    <property name="os.name" value="Windows 10"/>
    <property name="maven.ext.class.path" value="C:\Program Files\NetBeans-12.6\netbeans\java\maven-nblib\netbeans-eventspy.jar"/>
    <property name="classworlds.conf" value="C:\Program Files\NetBeans-12.6\netbeans\java\maven\bin\..\bin\m2.conf"/>
    <property name="sun.jnu.encoding" value="Cp1252"/>
    <property name="java.library.path" value="C:\Program Files\Java\jdk-11.0.14\bin;C:\WINDOWS\Sun\Java\bin;C:\WINDOWS\system32;C:\WINDOWS;C:\Program Files\Common Files\Oracle\Java\javapath;&quot;C:\Program Files\Common Files\Oracle\Java\javapath;C:\Program Files\Java\jdk-16\bin,C:\Program Files\Java\jdk-11.0.14\bin;&quot;;C:\WINDOWS\system32;C:\WINDOWS;C:\WINDOWS\System32\Wbem;C:\WINDOWS\System32\WindowsPowerShell\v1.0\;C:\WINDOWS\System32\OpenSSH\;C:\Program Files\Microsoft SQL Server\Client SDK\ODBC\170\Tools\Binn\;C:\Program Files (x86)\Microsoft SQL Server\150\Tools\Binn\;C:\Program Files\Microsoft SQL Server\150\Tools\Binn\;C:\Program Files\Microsoft SQL Server\150\DTS\Binn\;C:\Program Files (x86)\Microsoft SQL Server\150\DTS\Binn\;C:\Program Files\Azure Data Studio\bin;D:\Git\cmd;C:\Program Files\Java\jdk-11.0.14\bin;E:\apache-maven-3.8.6\bin;C:\Users\Admin\AppData\Local\Microsoft\WindowsApps;C:\Program Files\Azure Data Studio\bin;C:\Users\Admin\AppData\Local\Programs\Microsoft VS Code\bin;C:\Program Files\Apache Software Foundation\Tomcat 8.5\lib\servlet-api.jar;C:\Program Files\Apache Software Foundation\Tomcat 8.5\bin;C:\Program Files\Apache Software Foundation\Tomcat 8.5\lib\servlet-api.jar;C:\Users\Admin\AppData\Local\GitHubDesktop\bin;."/>
    <property name="maven.conf" value="C:\Program Files\NetBeans-12.6\netbeans\java\maven\bin\../conf"/>
    <property name="jdk.debug" value="release"/>
    <property name="java.class.version" value="55.0"/>
    <property name="java.specification.name" value="Java Platform API Specification"/>
    <property name="sun.management.compiler" value="HotSpot 64-Bit Tiered Compilers"/>
    <property name="os.version" value="10.0"/>
    <property name="library.jansi.path" value="C:\Program Files\NetBeans-12.6\netbeans\java\maven\bin\..\lib\jansi-native"/>
    <property name="user.home" value="C:\Users\Admin"/>
    <property name="user.timezone" value="Asia/Bangkok"/>
    <property name="java.awt.printerjob" value="sun.awt.windows.WPrinterJob"/>
    <property name="file.encoding" value="UTF-8"/>
    <property name="java.specification.version" value="11"/>
    <property name="user.name" value="Admin"/>
    <property name="java.class.path" value="C:\Program Files\NetBeans-12.6\netbeans\java\maven\bin\..\boot\plexus-classworlds-2.6.0.jar"/>
    <property name="java.vm.specification.version" value="11"/>
    <property name="sun.arch.data.model" value="64"/>
    <property name="sun.java.command" value="org.codehaus.plexus.classworlds.launcher.Launcher -Dtest=Test.LoginTest -Dmaven.ext.class.path=C:\Program Files\NetBeans-12.6\netbeans\java\maven-nblib\netbeans-eventspy.jar -Dfile.encoding=UTF-8 surefire:test"/>
    <property name="java.home" value="C:\Program Files\Java\jdk-11.0.14"/>
    <property name="user.language" value="en"/>
    <property name="java.specification.vendor" value="Oracle Corporation"/>
    <property name="awt.toolkit" value="sun.awt.windows.WToolkit"/>
    <property name="java.vm.info" value="mixed mode"/>
    <property name="java.version" value="11.0.14"/>
    <property name="java.vendor" value="Oracle Corporation"/>
    <property name="maven.home" value="C:\Program Files\NetBeans-12.6\netbeans\java\maven\bin\.."/>
    <property name="file.separator" value="\"/>
    <property name="java.version.date" value="2022-01-18"/>
    <property name="java.vendor.url.bug" value="https://bugreport.java.com/bugreport/"/>
    <property name="sun.io.unicode.encoding" value="UnicodeLittle"/>
    <property name="sun.cpu.endian" value="little"/>
    <property name="java.vendor.version" value="18.9"/>
    <property name="sun.desktop" value="windows"/>
    <property name="sun.cpu.isalist" value="amd64"/>
  </properties>
  <testcase classname="Test.LoginTest" name="testTKChuaDangKy[0]" time="0.438">
    <skipped/>
  </testcase>
  <testcase classname="Test.LoginTest" name="testTrongMK[0]" time="0.078">
    <skipped/>
  </testcase>
  <testcase classname="Test.LoginTest" name="testTrongTK[0]" time="0.047">
    <skipped/>
  </testcase>
  <testcase classname="Test.LoginTest" name="testMatkhauSai[0]" time="0.818"/>
  <testcase classname="Test.LoginTest" name="testDangNhapDung[0]" time="0.023">
    <skipped/>
  </testcase>
  <testcase classname="Test.LoginTest" name="testTKChuaDangKy[1]" time="0.042">
    <skipped/>
  </testcase>
  <testcase classname="Test.LoginTest" name="testTrongMK[1]" time="0.036">
    <skipped/>
  </testcase>
  <testcase classname="Test.LoginTest" name="testTrongTK[1]" time="0.033">
    <skipped/>
  </testcase>
  <testcase classname="Test.LoginTest" name="testMatkhauSai[1]" time="0.069"/>
  <testcase classname="Test.LoginTest" name="testDangNhapDung[1]" time="0.025">
    <skipped/>
  </testcase>
  <testcase classname="Test.LoginTest" name="testTKChuaDangKy[2]" time="0.036">
    <skipped/>
  </testcase>
  <testcase classname="Test.LoginTest" name="testTrongMK[2]" time="0.022">
    <skipped/>
  </testcase>
  <testcase classname="Test.LoginTest" name="testTrongTK[2]" time="0.035">
    <skipped/>
  </testcase>
  <testcase classname="Test.LoginTest" name="testMatkhauSai[2]" time="0.062"/>
  <testcase classname="Test.LoginTest" name="testDangNhapDung[2]" time="0.031">
    <skipped/>
  </testcase>
  <testcase classname="Test.LoginTest" name="testTKChuaDangKy[3]" time="0.053">
    <skipped/>
  </testcase>
  <testcase classname="Test.LoginTest" name="testTrongMK[3]" time="0.045">
    <skipped/>
  </testcase>
  <testcase classname="Test.LoginTest" name="testTrongTK[3]" time="0.024">
    <skipped/>
  </testcase>
  <testcase classname="Test.LoginTest" name="testMatkhauSai[3]" time="0.054">
    <skipped/>
  </testcase>
  <testcase classname="Test.LoginTest" name="testDangNhapDung[3]" time="0.019">
    <skipped/>
  </testcase>
  <testcase classname="Test.LoginTest" name="testTKChuaDangKy[4]" time="0.076"/>
  <testcase classname="Test.LoginTest" name="testTrongMK[4]" time="0.046">
    <skipped/>
  </testcase>
  <testcase classname="Test.LoginTest" name="testTrongTK[4]" time="0.017">
    <skipped/>
  </testcase>
  <testcase classname="Test.LoginTest" name="testMatkhauSai[4]" time="0.041">
    <skipped/>
  </testcase>
  <testcase classname="Test.LoginTest" name="testDangNhapDung[4]" time="0.033">
    <skipped/>
  </testcase>
  <testcase classname="Test.LoginTest" name="testTKChuaDangKy[5]" time="0.039">
    <skipped/>
  </testcase>
  <testcase classname="Test.LoginTest" name="testTrongMK[5]" time="0.038">
    <skipped/>
  </testcase>
  <testcase classname="Test.LoginTest" name="testTrongTK[5]" time="0.022">
    <skipped/>
  </testcase>
  <testcase classname="Test.LoginTest" name="testMatkhauSai[5]" time="0.023">
    <skipped/>
  </testcase>
  <testcase classname="Test.LoginTest" name="testDangNhapDung[5]" time="0.958"/>
  <testcase classname="Test.LoginTest" name="testTKChuaDangKy[6]" time="0.031">
    <skipped/>
  </testcase>
  <testcase classname="Test.LoginTest" name="testTrongMK[6]" time="0.039">
    <skipped/>
  </testcase>
  <testcase classname="Test.LoginTest" name="testTrongTK[6]" time="0.044">
    <skipped/>
  </testcase>
  <testcase classname="Test.LoginTest" name="testMatkhauSai[6]" time="0.022">
    <skipped/>
  </testcase>
  <testcase classname="Test.LoginTest" name="testDangNhapDung[6]" time="0.854"/>
  <testcase classname="Test.LoginTest" name="testTKChuaDangKy[7]" time="0.03">
    <skipped/>
  </testcase>
  <testcase classname="Test.LoginTest" name="testTrongMK[7]" time="0.037">
    <skipped/>
  </testcase>
  <testcase classname="Test.LoginTest" name="testTrongTK[7]" time="0.034">
    <skipped/>
  </testcase>
  <testcase classname="Test.LoginTest" name="testMatkhauSai[7]" time="0.033">
    <skipped/>
  </testcase>
  <testcase classname="Test.LoginTest" name="testDangNhapDung[7]" time="0.882"/>
  <testcase classname="Test.LoginTest" name="testTKChuaDangKy[8]" time="0.031">
    <skipped/>
  </testcase>
  <testcase classname="Test.LoginTest" name="testTrongMK[8]" time="0.031">
    <skipped/>
  </testcase>
  <testcase classname="Test.LoginTest" name="testTrongTK[8]" time="0.118"/>
  <testcase classname="Test.LoginTest" name="testMatkhauSai[8]" time="0.021">
    <skipped/>
  </testcase>
  <testcase classname="Test.LoginTest" name="testDangNhapDung[8]" time="0.037">
    <skipped/>
  </testcase>
  <testcase classname="Test.LoginTest" name="testTKChuaDangKy[9]" time="0.022">
    <skipped/>
  </testcase>
  <testcase classname="Test.LoginTest" name="testTrongMK[9]" time="0.116"/>
  <testcase classname="Test.LoginTest" name="testTrongTK[9]" time="0.016">
    <skipped/>
  </testcase>
  <testcase classname="Test.LoginTest" name="testMatkhauSai[9]" time="0.025">
    <skipped/>
  </testcase>
  <testcase classname="Test.LoginTest" name="testDangNhapDung[9]" time="0.043">
    <skipped/>
  </testcase>
</testsuite>